<?xml version="1.0" encoding="UTF-8"?>
<testng-results ignored="0" total="2" passed="2" failed="0" skipped="0">
  <reporter-output>
  </reporter-output>
  <suite started-at="2021-01-27T15:55:42Z" name="Default suite" finished-at="2021-01-27T15:55:45Z" duration-ms="2948">
    <groups>
    </groups>
    <test started-at="2021-01-27T15:55:42Z" name="Default test" finished-at="2021-01-27T15:55:45Z" duration-ms="2948">
      <class name="com.pyxispm.Examples.TestExamples">
        <test-method signature="testDelete()[pri:0, instance:com.pyxispm.Examples.TestExamples@25f4878b]" started-at="2021-01-27T21:25:42Z" name="testDelete" finished-at="2021-01-27T21:25:45Z" duration-ms="2258" status="PASS">
          <reporter-output>
          </reporter-output>
        </test-method> <!-- testDelete -->
        <test-method signature="testPatch()[pri:0, instance:com.pyxispm.Examples.TestExamples@25f4878b]" started-at="2021-01-27T21:25:45Z" name="testPatch" finished-at="2021-01-27T21:25:45Z" duration-ms="652" status="PASS">
          <reporter-output>
          </reporter-output>
        </test-method> <!-- testPatch -->
      </class> <!-- com.pyxispm.Examples.TestExamples -->
    </test> <!-- Default test -->
  </suite> <!-- Default suite -->
</testng-results>
