<?xml version="1.0" encoding="UTF-8"?>
<testng-results ignored="0" total="1" passed="1" failed="0" skipped="0">
  <reporter-output>
  </reporter-output>
  <suite started-at="2021-01-27T17:16:37Z" name="Default suite" finished-at="2021-01-27T17:16:39Z" duration-ms="1992">
    <groups>
    </groups>
    <test started-at="2021-01-27T17:16:37Z" name="Default test" finished-at="2021-01-27T17:16:39Z" duration-ms="1992">
      <class name="com.pyxispm.MediaPlanManagement.getMediaPlans">
        <test-method signature="getMediaPlans()[pri:0, instance:com.pyxispm.MediaPlanManagement.getMediaPlans@571c5681]" started-at="2021-01-27T22:46:37Z" name="getMediaPlans" finished-at="2021-01-27T22:46:39Z" duration-ms="1974" status="PASS">
          <reporter-output>
          </reporter-output>
        </test-method> <!-- getMediaPlans -->
      </class> <!-- com.pyxispm.MediaPlanManagement.getMediaPlans -->
    </test> <!-- Default test -->
  </suite> <!-- Default suite -->
</testng-results>
