<?xml version="1.0" encoding="UTF-8"?>
<!-- Generated by org.testng.reporters.JUnitXMLReporter -->
<testsuite ignored="0" hostname="LAPTOP-A1I3V123" failures="1" tests="3" name="testXML" time="3.231" errors="0" timestamp="27 Jan 2021 10:28:28 GMT">
  <testcase classname="com.pyxispm.PyxisPerformanceAPI.check" name="GetWeatherDetailsInvalidCity" time="1.804">
    <failure type="java.lang.AssertionError" message="Correct status code returned expected [400] but found [200]">
      <![CDATA[java.lang.AssertionError: Correct status code returned expected [400] but found [200]
	at com.pyxispm.PyxisPerformanceAPI.check.GetWeatherDetailsInvalidCity(check.java:45)
... Removed 30 stack frames]]>
    </failure>
  </testcase> <!-- GetWeatherDetailsInvalidCity -->
  <testcase classname="com.pyxispm.PyxisPerformanceAPI.check" name="GetWeatherStatusLine" time="0.673"/>
  <testcase classname="com.pyxispm.PyxisPerformanceAPI.check" name="getWeatherDetails" time="0.737"/>
</testsuite> <!-- testXML -->
